This is pdfTeX, Version 3.14159265-2.6-1.40.18 (TeX Live 2017) (preloaded format=pdflatex 2017.9.26)  19 FEB 2018 16:41
entering extended mode
 restricted \write18 enabled.
 %&-line parsing enabled.
**preamb.tex
(./preamb.tex
LaTeX2e <2017-04-15>
Babel <3.10> and hyphenation patterns for 6 language(s) loaded.

! LaTeX Error: File `lipicsmaster.cls' not found.

Type X to quit or <RETURN> to proceed,
or enter new name. (Default extension: cls)

Enter file name: 
! Emergency stop.
<read *> 
         
l.2 ^^M
       
*** (cannot \read from terminal in nonstop modes)

 
Here is how much of TeX's memory you used:
 10 strings out of 494884
 200 string characters out of 6179028
 45976 words of memory out of 5000000
 3421 multiletter control sequences out of 15000+600000
 3640 words of font info for 14 fonts, out of 8000000 for 9000
 36 hyphenation exceptions out of 8191
 10i,0n,7p,65b,8s stack positions out of 5000i,500n,10000p,200000b,80000s
!  ==> Fatal error occurred, no output PDF file produced!
